<?xml version="1.0" encoding="UTF-8"?>
<!-- Generated by org.testng.reporters.JUnitReportReporter -->
<testsuite hostname="DESKTOP-UUPIJUK" failures="0" tests="1" name="com.nexsoft.runner.CucumberRunner" time="73.883" errors="0" timestamp="2022-06-24T08:51:21 WIB" skipped="0">
  <testcase classname="com.nexsoft.runner.CucumberRunner" name="runScenario" time="73.883"/>
  <system-out/>
</testsuite> <!-- com.nexsoft.runner.CucumberRunner -->
